This is pdfTeX, Version 3.14159265-2.6-1.40.20 (TeX Live 2019) (preloaded format=pdflatex 2020.3.6)  6 MAR 2020 09:26
entering extended mode
 restricted \write18 enabled.
 %&-line parsing enabled.
**RJournal.sty
(./RJournal.sty
LaTeX2e <2018-12-01>

LaTeX Warning: You have requested package `',
               but the package provides `RJournal'.

Package: RJournal 2013/08/27 v0.13 RJournal package

(/Users/raynamharris/Library/TinyTeX/texmf-dist/tex/latex/pgf/frontendlayer/tik
z.sty
(/Users/raynamharris/Library/TinyTeX/texmf-dist/tex/latex/pgf/basiclayer/pgf.st
y
(/Users/raynamharris/Library/TinyTeX/texmf-dist/tex/latex/pgf/utilities/pgfrcs.
sty
(/Users/raynamharris/Library/TinyTeX/texmf-dist/tex/generic/pgf/utilities/pgfut
il-common.tex
\pgfutil@everybye=\toks14
\pgfutil@tempdima=\dimen102
\pgfutil@tempdimb=\dimen103

(/Users/raynamharris/Library/TinyTeX/texmf-dist/tex/generic/pgf/utilities/pgfut
il-common-lists.tex))
(/Users/raynamharris/Library/TinyTeX/texmf-dist/tex/generic/pgf/utilities/pgfut
il-latex.def
\pgfutil@abb=\box27

(/Users/raynamharris/Library/TinyTeX/texmf-dist/tex/latex/ms/everyshi.sty
Package: everyshi 2001/05/15 v3.00 EveryShipout Package (MS)
))
(/Users/raynamharris/Library/TinyTeX/texmf-dist/tex/generic/pgf/utilities/pgfrc
s.code.tex
(/Users/raynamharris/Library/TinyTeX/texmf-dist/tex/generic/pgf/pgf.revision.te
x)
Package: pgfrcs 2019/08/03 v3.1.4b (3.1.4b)
))
Package: pgf 2019/08/03 v3.1.4b (3.1.4b)

(/Users/raynamharris/Library/TinyTeX/texmf-dist/tex/latex/pgf/basiclayer/pgfcor
e.sty
(/Users/raynamharris/Library/TinyTeX/texmf-dist/tex/latex/graphics/graphicx.sty
Package: graphicx 2017/06/01 v1.1a Enhanced LaTeX Graphics (DPC,SPQR)
(/Users/raynamharris/Library/TinyTeX/texmf-dist/tex/latex/graphics/keyval.sty
Package: keyval 2014/10/28 v1.15 key=value parser (DPC)
\KV@toks@=\toks15
)
(/Users/raynamharris/Library/TinyTeX/texmf-dist/tex/latex/graphics/graphics.sty
Package: graphics 2017/06/25 v1.2c Standard LaTeX Graphics (DPC,SPQR)
(/Users/raynamharris/Library/TinyTeX/texmf-dist/tex/latex/graphics/trig.sty
Package: trig 2016/01/03 v1.10 sin cos tan (DPC)
)
(/Users/raynamharris/Library/TinyTeX/texmf-dist/tex/latex/graphics-cfg/graphics
.cfg
File: graphics.cfg 2016/06/04 v1.11 sample graphics configuration
)
Package graphics Info: Driver file: pdftex.def on input line 99.

(/Users/raynamharris/Library/TinyTeX/texmf-dist/tex/latex/graphics-def/pdftex.d
ef
File: pdftex.def 2018/01/08 v1.0l Graphics/color driver for pdftex
))
\Gin@req@height=\dimen104
\Gin@req@width=\dimen105
)
(/Users/raynamharris/Library/TinyTeX/texmf-dist/tex/latex/pgf/systemlayer/pgfsy
s.sty
(/Users/raynamharris/Library/TinyTeX/texmf-dist/tex/generic/pgf/systemlayer/pgf
sys.code.tex
Package: pgfsys 2019/08/03 v3.1.4b (3.1.4b)

(/Users/raynamharris/Library/TinyTeX/texmf-dist/tex/generic/pgf/utilities/pgfke
ys.code.tex
\pgfkeys@pathtoks=\toks16
\pgfkeys@temptoks=\toks17

(/Users/raynamharris/Library/TinyTeX/texmf-dist/tex/generic/pgf/utilities/pgfke
ysfiltered.code.tex
\pgfkeys@tmptoks=\toks18
))
\pgf@x=\dimen106
\pgf@y=\dimen107
\pgf@xa=\dimen108
\pgf@ya=\dimen109
\pgf@xb=\dimen110
\pgf@yb=\dimen111
\pgf@xc=\dimen112
\pgf@yc=\dimen113
\pgf@xd=\dimen114
\pgf@yd=\dimen115
\w@pgf@writea=\write3
\r@pgf@reada=\read1
\c@pgf@counta=\count80
\c@pgf@countb=\count81
\c@pgf@countc=\count82
\c@pgf@countd=\count83
\t@pgf@toka=\toks19
\t@pgf@tokb=\toks20
\t@pgf@tokc=\toks21
\pgf@sys@id@count=\count84

(/Users/raynamharris/Library/TinyTeX/texmf-dist/tex/generic/pgf/systemlayer/pgf
.cfg
File: pgf.cfg 2019/08/03 v3.1.4b (3.1.4b)
)
Driver file for pgf: pgfsys-pdftex.def

(/Users/raynamharris/Library/TinyTeX/texmf-dist/tex/generic/pgf/systemlayer/pgf
sys-pdftex.def
File: pgfsys-pdftex.def 2019/08/03 v3.1.4b (3.1.4b)

(/Users/raynamharris/Library/TinyTeX/texmf-dist/tex/generic/pgf/systemlayer/pgf
sys-common-pdf.def
File: pgfsys-common-pdf.def 2019/08/03 v3.1.4b (3.1.4b)
)))
(/Users/raynamharris/Library/TinyTeX/texmf-dist/tex/generic/pgf/systemlayer/pgf
syssoftpath.code.tex
File: pgfsyssoftpath.code.tex 2019/08/03 v3.1.4b (3.1.4b)
\pgfsyssoftpath@smallbuffer@items=\count85
\pgfsyssoftpath@bigbuffer@items=\count86
)
(/Users/raynamharris/Library/TinyTeX/texmf-dist/tex/generic/pgf/systemlayer/pgf
sysprotocol.code.tex
File: pgfsysprotocol.code.tex 2019/08/03 v3.1.4b (3.1.4b)
))
(/Users/raynamharris/Library/TinyTeX/texmf-dist/tex/latex/xcolor/xcolor.sty
Package: xcolor 2016/05/11 v2.12 LaTeX color extensions (UK)

(/Users/raynamharris/Library/TinyTeX/texmf-dist/tex/latex/graphics-cfg/color.cf
g
File: color.cfg 2016/01/02 v1.6 sample color configuration
)
Package xcolor Info: Driver file: pdftex.def on input line 225.
Package xcolor Info: Model `cmy' substituted by `cmy0' on input line 1348.
Package xcolor Info: Model `hsb' substituted by `rgb' on input line 1352.
Package xcolor Info: Model `RGB' extended on input line 1364.
Package xcolor Info: Model `HTML' substituted by `rgb' on input line 1366.
Package xcolor Info: Model `Hsb' substituted by `hsb' on input line 1367.
Package xcolor Info: Model `tHsb' substituted by `hsb' on input line 1368.
Package xcolor Info: Model `HSB' substituted by `hsb' on input line 1369.
Package xcolor Info: Model `Gray' substituted by `gray' on input line 1370.
Package xcolor Info: Model `wave' substituted by `hsb' on input line 1371.
)
(/Users/raynamharris/Library/TinyTeX/texmf-dist/tex/generic/pgf/basiclayer/pgfc
ore.code.tex
Package: pgfcore 2019/08/03 v3.1.4b (3.1.4b)

(/Users/raynamharris/Library/TinyTeX/texmf-dist/tex/generic/pgf/math/pgfmath.co
de.tex
(/Users/raynamharris/Library/TinyTeX/texmf-dist/tex/generic/pgf/math/pgfmathcal
c.code.tex
(/Users/raynamharris/Library/TinyTeX/texmf-dist/tex/generic/pgf/math/pgfmathuti
l.code.tex)
(/Users/raynamharris/Library/TinyTeX/texmf-dist/tex/generic/pgf/math/pgfmathpar
ser.code.tex
\pgfmath@dimen=\dimen116
\pgfmath@count=\count87
\pgfmath@box=\box28
\pgfmath@toks=\toks22
\pgfmath@stack@operand=\toks23
\pgfmath@stack@operation=\toks24
)
(/Users/raynamharris/Library/TinyTeX/texmf-dist/tex/generic/pgf/math/pgfmathfun
ctions.code.tex
(/Users/raynamharris/Library/TinyTeX/texmf-dist/tex/generic/pgf/math/pgfmathfun
ctions.basic.code.tex)
(/Users/raynamharris/Library/TinyTeX/texmf-dist/tex/generic/pgf/math/pgfmathfun
ctions.trigonometric.code.tex)
(/Users/raynamharris/Library/TinyTeX/texmf-dist/tex/generic/pgf/math/pgfmathfun
ctions.random.code.tex)
(/Users/raynamharris/Library/TinyTeX/texmf-dist/tex/generic/pgf/math/pgfmathfun
ctions.comparison.code.tex)
(/Users/raynamharris/Library/TinyTeX/texmf-dist/tex/generic/pgf/math/pgfmathfun
ctions.base.code.tex)
(/Users/raynamharris/Library/TinyTeX/texmf-dist/tex/generic/pgf/math/pgfmathfun
ctions.round.code.tex)
(/Users/raynamharris/Library/TinyTeX/texmf-dist/tex/generic/pgf/math/pgfmathfun
ctions.misc.code.tex)
(/Users/raynamharris/Library/TinyTeX/texmf-dist/tex/generic/pgf/math/pgfmathfun
ctions.integerarithmetics.code.tex)))
(/Users/raynamharris/Library/TinyTeX/texmf-dist/tex/generic/pgf/math/pgfmathflo
at.code.tex
\c@pgfmathroundto@lastzeros=\count88
))
(/Users/raynamharris/Library/TinyTeX/texmf-dist/tex/generic/pgf/math/pgfint.cod
e.tex)
(/Users/raynamharris/Library/TinyTeX/texmf-dist/tex/generic/pgf/basiclayer/pgfc
orepoints.code.tex
File: pgfcorepoints.code.tex 2019/08/03 v3.1.4b (3.1.4b)
\pgf@picminx=\dimen117
\pgf@picmaxx=\dimen118
\pgf@picminy=\dimen119
\pgf@picmaxy=\dimen120
\pgf@pathminx=\dimen121
\pgf@pathmaxx=\dimen122
\pgf@pathminy=\dimen123
\pgf@pathmaxy=\dimen124
\pgf@xx=\dimen125
\pgf@xy=\dimen126
\pgf@yx=\dimen127
\pgf@yy=\dimen128
\pgf@zx=\dimen129
\pgf@zy=\dimen130
)
(/Users/raynamharris/Library/TinyTeX/texmf-dist/tex/generic/pgf/basiclayer/pgfc
orepathconstruct.code.tex
File: pgfcorepathconstruct.code.tex 2019/08/03 v3.1.4b (3.1.4b)
\pgf@path@lastx=\dimen131
\pgf@path@lasty=\dimen132
)
(/Users/raynamharris/Library/TinyTeX/texmf-dist/tex/generic/pgf/basiclayer/pgfc
orepathusage.code.tex
File: pgfcorepathusage.code.tex 2019/08/03 v3.1.4b (3.1.4b)
\pgf@shorten@end@additional=\dimen133
\pgf@shorten@start@additional=\dimen134
)
(/Users/raynamharris/Library/TinyTeX/texmf-dist/tex/generic/pgf/basiclayer/pgfc
orescopes.code.tex
File: pgfcorescopes.code.tex 2019/08/03 v3.1.4b (3.1.4b)
\pgfpic=\box29
\pgf@hbox=\box30
\pgf@layerbox@main=\box31
\pgf@picture@serial@count=\count89
)
(/Users/raynamharris/Library/TinyTeX/texmf-dist/tex/generic/pgf/basiclayer/pgfc
oregraphicstate.code.tex
File: pgfcoregraphicstate.code.tex 2019/08/03 v3.1.4b (3.1.4b)
\pgflinewidth=\dimen135
)
(/Users/raynamharris/Library/TinyTeX/texmf-dist/tex/generic/pgf/basiclayer/pgfc
oretransformations.code.tex
File: pgfcoretransformations.code.tex 2019/08/03 v3.1.4b (3.1.4b)
\pgf@pt@x=\dimen136
\pgf@pt@y=\dimen137
\pgf@pt@temp=\dimen138
)
(/Users/raynamharris/Library/TinyTeX/texmf-dist/tex/generic/pgf/basiclayer/pgfc
orequick.code.tex
File: pgfcorequick.code.tex 2019/08/03 v3.1.4b (3.1.4b)
)
(/Users/raynamharris/Library/TinyTeX/texmf-dist/tex/generic/pgf/basiclayer/pgfc
oreobjects.code.tex
File: pgfcoreobjects.code.tex 2019/08/03 v3.1.4b (3.1.4b)
)
(/Users/raynamharris/Library/TinyTeX/texmf-dist/tex/generic/pgf/basiclayer/pgfc
orepathprocessing.code.tex
File: pgfcorepathprocessing.code.tex 2019/08/03 v3.1.4b (3.1.4b)
)
(/Users/raynamharris/Library/TinyTeX/texmf-dist/tex/generic/pgf/basiclayer/pgfc
orearrows.code.tex
File: pgfcorearrows.code.tex 2019/08/03 v3.1.4b (3.1.4b)
\pgfarrowsep=\dimen139
)
(/Users/raynamharris/Library/TinyTeX/texmf-dist/tex/generic/pgf/basiclayer/pgfc
oreshade.code.tex
File: pgfcoreshade.code.tex 2019/08/03 v3.1.4b (3.1.4b)
\pgf@max=\dimen140
\pgf@sys@shading@range@num=\count90
\pgf@shadingcount=\count91
)
(/Users/raynamharris/Library/TinyTeX/texmf-dist/tex/generic/pgf/basiclayer/pgfc
oreimage.code.tex
File: pgfcoreimage.code.tex 2019/08/03 v3.1.4b (3.1.4b)

(/Users/raynamharris/Library/TinyTeX/texmf-dist/tex/generic/pgf/basiclayer/pgfc
oreexternal.code.tex
File: pgfcoreexternal.code.tex 2019/08/03 v3.1.4b (3.1.4b)
\pgfexternal@startupbox=\box32
))
(/Users/raynamharris/Library/TinyTeX/texmf-dist/tex/generic/pgf/basiclayer/pgfc
orelayers.code.tex
File: pgfcorelayers.code.tex 2019/08/03 v3.1.4b (3.1.4b)
)
(/Users/raynamharris/Library/TinyTeX/texmf-dist/tex/generic/pgf/basiclayer/pgfc
oretransparency.code.tex
File: pgfcoretransparency.code.tex 2019/08/03 v3.1.4b (3.1.4b)
)
(/Users/raynamharris/Library/TinyTeX/texmf-dist/tex/generic/pgf/basiclayer/pgfc
orepatterns.code.tex
File: pgfcorepatterns.code.tex 2019/08/03 v3.1.4b (3.1.4b)
)
(/Users/raynamharris/Library/TinyTeX/texmf-dist/tex/generic/pgf/basiclayer/pgfc
orerdf.code.tex
File: pgfcorerdf.code.tex 2019/08/03 v3.1.4b (3.1.4b)
)))
(/Users/raynamharris/Library/TinyTeX/texmf-dist/tex/generic/pgf/modules/pgfmodu
leshapes.code.tex
File: pgfmoduleshapes.code.tex 2019/08/03 v3.1.4b (3.1.4b)
\pgfnodeparttextbox=\box33
)
(/Users/raynamharris/Library/TinyTeX/texmf-dist/tex/generic/pgf/modules/pgfmodu
leplot.code.tex
File: pgfmoduleplot.code.tex 2019/08/03 v3.1.4b (3.1.4b)
)
(/Users/raynamharris/Library/TinyTeX/texmf-dist/tex/latex/pgf/compatibility/pgf
comp-version-0-65.sty
Package: pgfcomp-version-0-65 2019/08/03 v3.1.4b (3.1.4b)
\pgf@nodesepstart=\dimen141
\pgf@nodesepend=\dimen142
)
(/Users/raynamharris/Library/TinyTeX/texmf-dist/tex/latex/pgf/compatibility/pgf
comp-version-1-18.sty
Package: pgfcomp-version-1-18 2019/08/03 v3.1.4b (3.1.4b)
))
(/Users/raynamharris/Library/TinyTeX/texmf-dist/tex/latex/pgf/utilities/pgffor.
sty
(/Users/raynamharris/Library/TinyTeX/texmf-dist/tex/latex/pgf/utilities/pgfkeys
.sty
(/Users/raynamharris/Library/TinyTeX/texmf-dist/tex/generic/pgf/utilities/pgfke
ys.code.tex))
(/Users/raynamharris/Library/TinyTeX/texmf-dist/tex/latex/pgf/math/pgfmath.sty
(/Users/raynamharris/Library/TinyTeX/texmf-dist/tex/generic/pgf/math/pgfmath.co
de.tex))
(/Users/raynamharris/Library/TinyTeX/texmf-dist/tex/generic/pgf/utilities/pgffo
r.code.tex
Package: pgffor 2019/08/03 v3.1.4b (3.1.4b)

(/Users/raynamharris/Library/TinyTeX/texmf-dist/tex/generic/pgf/math/pgfmath.co
de.tex)
\pgffor@iter=\dimen143
\pgffor@skip=\dimen144
\pgffor@stack=\toks25
\pgffor@toks=\toks26
))
(/Users/raynamharris/Library/TinyTeX/texmf-dist/tex/generic/pgf/frontendlayer/t
ikz/tikz.code.tex
Package: tikz 2019/08/03 v3.1.4b (3.1.4b)

(/Users/raynamharris/Library/TinyTeX/texmf-dist/tex/generic/pgf/libraries/pgfli
braryplothandlers.code.tex
File: pgflibraryplothandlers.code.tex 2019/08/03 v3.1.4b (3.1.4b)
\pgf@plot@mark@count=\count92
\pgfplotmarksize=\dimen145
)
\tikz@lastx=\dimen146
\tikz@lasty=\dimen147
\tikz@lastxsaved=\dimen148
\tikz@lastysaved=\dimen149
\tikz@lastmovetox=\dimen150
\tikz@lastmovetoy=\dimen151
\tikzleveldistance=\dimen152
\tikzsiblingdistance=\dimen153
\tikz@figbox=\box34
\tikz@figbox@bg=\box35
\tikz@tempbox=\box36
\tikz@tempbox@bg=\box37
\tikztreelevel=\count93
\tikznumberofchildren=\count94
\tikznumberofcurrentchild=\count95
\tikz@fig@count=\count96

(/Users/raynamharris/Library/TinyTeX/texmf-dist/tex/generic/pgf/modules/pgfmodu
lematrix.code.tex
File: pgfmodulematrix.code.tex 2019/08/03 v3.1.4b (3.1.4b)
\pgfmatrixcurrentrow=\count97
\pgfmatrixcurrentcolumn=\count98
\pgf@matrix@numberofcolumns=\count99
)
\tikz@expandcount=\count100

(/Users/raynamharris/Library/TinyTeX/texmf-dist/tex/generic/pgf/frontendlayer/t
ikz/libraries/tikzlibrarytopaths.code.tex
File: tikzlibrarytopaths.code.tex 2019/08/03 v3.1.4b (3.1.4b)
)))
(/Users/raynamharris/Library/TinyTeX/texmf-dist/tex/latex/geometry/geometry.sty
Package: geometry 2018/04/16 v5.8 Page Geometry
(/Users/raynamharris/Library/TinyTeX/texmf-dist/tex/generic/oberdiek/ifpdf.sty
Package: ifpdf 2018/09/07 v3.3 Provides the ifpdf switch
)
(/Users/raynamharris/Library/TinyTeX/texmf-dist/tex/generic/oberdiek/ifvtex.sty
Package: ifvtex 2016/05/16 v1.6 Detect VTeX and its facilities (HO)
Package ifvtex Info: VTeX not detected.
)
(/Users/raynamharris/Library/TinyTeX/texmf-dist/tex/generic/ifxetex/ifxetex.sty
Package: ifxetex 2010/09/12 v0.6 Provides ifxetex conditional
)
\Gm@cnth=\count101
\Gm@cntv=\count102
\c@Gm@tempcnt=\count103
\Gm@bindingoffset=\dimen154
\Gm@wd@mp=\dimen155
\Gm@odd@mp=\dimen156
\Gm@even@mp=\dimen157
\Gm@layoutwidth=\dimen158
\Gm@layoutheight=\dimen159
\Gm@layouthoffset=\dimen160
\Gm@layoutvoffset=\dimen161
\Gm@dimlist=\toks27

! Missing \endcsname inserted.
<to be read again> 
                   \@classoptionslist 
l.1005 \ProcessOptionsKV[c]{Gm}
                               %
The control sequence marked <to be read again> should
not appear between \csname and \endcsname.


! Package geometry Error: \paperwidth (0.0pt) too short.

See the geometry package documentation for explanation.
Type  H <return>  for immediate help.
 ...                                              
                                                  
l.1008 \Gm@process
                  
Set a paper type (e.g., `a4paper').


! Package geometry Error: \paperheight (0.0pt) too short.

See the geometry package documentation for explanation.
Type  H <return>  for immediate help.
 ...                                              
                                                  
l.1008 \Gm@process
                  
Set a paper type (e.g., `a4paper').

)
(/Users/raynamharris/Library/TinyTeX/texmf-dist/tex/latex/fancyhdr/fancyhdr.sty
Package: fancyhdr 2019/01/31 v3.10 Extensive control of page headers and footer
s
\f@nch@headwidth=\skip41
\f@nch@O@elh=\skip42
\f@nch@O@erh=\skip43
\f@nch@O@olh=\skip44
\f@nch@O@orh=\skip45
\f@nch@O@elf=\skip46
\f@nch@O@erf=\skip47
\f@nch@O@olf=\skip48
\f@nch@O@orf=\skip49
)
(/Users/raynamharris/Library/TinyTeX/texmf-dist/tex/latex/microtype/microtype.s
ty
Package: microtype 2019/02/28 v2.7b Micro-typographical refinements (RS)
\MT@toks=\toks28
\MT@count=\count104
LaTeX Info: Redefining \textls on input line 790.
\MT@outer@kern=\dimen162
LaTeX Info: Redefining \textmicrotypecontext on input line 1336.
\MT@listname@count=\count105

(/Users/raynamharris/Library/TinyTeX/texmf-dist/tex/latex/microtype/microtype-p
dftex.def
File: microtype-pdftex.def 2019/02/28 v2.7b Definitions specific to pdftex (RS)

LaTeX Info: Redefining \lsstyle on input line 914.
LaTeX Info: Redefining \lslig on input line 914.
\MT@outer@space=\skip50
)
Package microtype Info: Loading configuration file microtype.cfg.

(/Users/raynamharris/Library/TinyTeX/texmf-dist/tex/latex/microtype/microtype.c
fg
File: microtype.cfg 2019/02/28 v2.7b microtype main configuration file (RS)


! LaTeX Error: The font size command \normalsize is not defined:
               there is probably something wrong with the class file.

See the LaTeX manual or LaTeX Companion for explanation.
Type  H <return>  for immediate help.
 ...                                              
                                                  
l.74    }
         
Your command was ignored.
Type  I <command> <return>  to replace it with another command,
or  <return>  to continue without it.

! Undefined control sequence.
\MT@get@size ... \def \MT@val {##2}}\@tempa \@nil 
                                                  \fi \MT@ifdimen \MT@val {\...
l.74    }
         
The control sequence at the end of the top line
of your error message was never \def'ed. If you have
misspelled it (e.g., `\hobx'), type `I' and the correct
spelling (e.g., `I\hbox'). Otherwise just continue,
and I'll forget about whatever was undefined.


Package microtype Warning: Could not parse font size `normalsize'
(microtype)                in font set `basicmath' on input line 74.


Package microtype Warning: Could not parse font size `footnotesize'
(microtype)                in font set `basicmath' on input line 74.


Package microtype Warning: Could not parse font size `small'
(microtype)                in font set `basicmath' on input line 74.


Package microtype Warning: Could not parse font size `large'
(microtype)                in font set `basicmath' on input line 74.

! Extra }, or forgotten \endgroup.
\MT@clist@function ...,footnotesize,small,large}}}
                                                  
l.74    }
         
I've deleted a group-closing symbol because it seems to be
spurious, as in `$x}$'. But perhaps the } is legitimate and
you forgot something else, as in `\hbox{$x}'. In such cases
the way to recover is to insert both the forgotten and the
deleted material, e.g., by typing `I$}'.


Package microtype Warning: Could not parse font size `ex'
(microtype)                in font set `basicmath' on input line 74.

! Missing $ inserted.
<inserted text> 
                $
l.74    }
         
I've inserted a begin-math/end-math symbol since I think
you left one out. Proceed, with fingers crossed.


! LaTeX Error: Missing \begin{document}.

See the LaTeX manual or LaTeX Companion for explanation.
Type  H <return>  for immediate help.
 ...                                              
                                                  
l.74    }
         
You're in trouble here.  Try typing  <return>  to proceed.
If that doesn't work, type  X <return>  to quit.

LaTeX Font Info:    External font `cmex10' loaded for size
(Font)              <7> on input line 74.
LaTeX Font Info:    External font `cmex10' loaded for size
(Font)              <5> on input line 74.
! Undefined control sequence.
\MT@get@size ... \def \MT@val {##2}}\@tempa \@nil 
                                                  \fi \MT@ifdimen \MT@val {\...
l.74    }
         
The control sequence at the end of the top line
of your error message was never \def'ed. If you have
misspelled it (e.g., `\hobx'), type `I' and the correct
spelling (e.g., `I\hbox'). Otherwise just continue,
and I'll forget about whatever was undefined.

! Missing { inserted.
<to be read again> 
                   \begingroup 
l.74    }
         
A left brace was mandatory here, so I've put one in.
You might want to delete and/or insert some corrections
so that I will find a matching right brace soon.
(If you're confused by all this, try typing `I}' now.)


Package microtype Warning: Could not parse font size `sp'
(microtype)                in font set `basicmath' on input line 74.


Package microtype Warning: Could not parse font size `kn'
(microtype)                in font set `basicmath' on input line 74.


Package microtype Warning: Could not parse font size `tr'
(microtype)                in font set `basicmath' on input line 74.


! LaTeX Error: The font size command \normalsize is not defined:
               there is probably something wrong with the class file.

See the LaTeX manual or LaTeX Companion for explanation.
Type  H <return>  for immediate help.
 ...                                              
                                                  
l.81    }
         
Your command was ignored.
Type  I <command> <return>  to replace it with another command,
or  <return>  to continue without it.

! Undefined control sequence.
\MT@get@size ... \def \MT@val {##2}}\@tempa \@nil 
                                                  \fi \MT@ifdimen \MT@val {\...
l.81    }
         
The control sequence at the end of the top line
of your error message was never \def'ed. If you have
misspelled it (e.g., `\hobx'), type `I' and the correct
spelling (e.g., `I\hbox'). Otherwise just continue,
and I'll forget about whatever was undefined.


Package microtype Warning: Could not parse font size `normalsize'
(microtype)                in font set `basictext' on input line 81.


Package microtype Warning: Could not parse font size `footnotesize'
(microtype)                in font set `basictext' on input line 81.


Package microtype Warning: Could not parse font size `small'
(microtype)                in font set `basictext' on input line 81.


Package microtype Warning: Could not parse font size `large'
(microtype)                in font set `basictext' on input line 81.

! Extra }, or forgotten \endgroup.
\MT@clist@function ...,footnotesize,small,large}}}
                                                  
l.81    }
         
I've deleted a group-closing symbol because it seems to be
spurious, as in `$x}$'. But perhaps the } is legitimate and
you forgot something else, as in `\hbox{$x}'. In such cases
the way to recover is to insert both the forgotten and the
deleted material, e.g., by typing `I$}'.


Package microtype Warning: Could not parse font size `ex'
(microtype)                in font set `basictext' on input line 81.

! Undefined control sequence.
\MT@get@size ... \def \MT@val {##2}}\@tempa \@nil 
                                                  \fi \MT@ifdimen \MT@val {\...
l.81    }
         
The control sequence at the end of the top line
of your error message was never \def'ed. If you have
misspelled it (e.g., `\hobx'), type `I' and the correct
spelling (e.g., `I\hbox'). Otherwise just continue,
and I'll forget about whatever was undefined.

! Missing { inserted.
<to be read again> 
                   \begingroup 
l.81    }
         
A left brace was mandatory here, so I've put one in.
You might want to delete and/or insert some corrections
so that I will find a matching right brace soon.
(If you're confused by all this, try typing `I}' now.)


Package microtype Warning: Could not parse font size `sp'
(microtype)                in font set `basictext' on input line 81.


Package microtype Warning: Could not parse font size `kn'
(microtype)                in font set `basictext' on input line 81.


Package microtype Warning: Could not parse font size `tr'
(microtype)                in font set `basictext' on input line 81.


Package microtype Warning: Could not parse font size `small'
(microtype)                in font set `footnotesize' on input line 91.


Package microtype Warning: Could not parse font size `small'
(microtype)                in font set `footnotesize' on input line 91.


Package microtype Warning: Could not parse font size `small'
(microtype)                in font set `footnotesize' on input line 91.


Package microtype Warning: Could not parse font size `small'
(microtype)                in font set `footnotesize' on input line 91.


Package microtype Warning: Could not parse font size `small'
(microtype)                in font set `footnotesize' on input line 91.


Package microtype Warning: Could not parse font size `footnotesize'
(microtype)                in font set `scriptsize' on input line 96.


Package microtype Warning: Could not parse font size `footnotesize'
(microtype)                in font set `scriptsize' on input line 96.


Package microtype Warning: Could not parse font size `footnotesize'
(microtype)                in font set `scriptsize' on input line 96.


Package microtype Warning: Could not parse font size `footnotesize'
(microtype)                in font set `scriptsize' on input line 96.


Package microtype Warning: Could not parse font size `footnotesize'
(microtype)                in font set `scriptsize' on input line 96.


! LaTeX Error: The font size command \normalsize is not defined:
               there is probably something wrong with the class file.

See the LaTeX manual or LaTeX Companion for explanation.
Type  H <return>  for immediate help.
 ...                                              
                                                  
l.99    { font = */*/*/*/* }
                            
Your command was ignored.
Type  I <command> <return>  to replace it with another command,
or  <return>  to continue without it.

! Undefined control sequence.
\MT@get@size ... \def \MT@val {##2}}\@tempa \@nil 
                                                  \fi \MT@ifdimen \MT@val {\...
l.99    { font = */*/*/*/* }
                            
The control sequence at the end of the top line
of your error message was never \def'ed. If you have
misspelled it (e.g., `\hobx'), type `I' and the correct
spelling (e.g., `I\hbox'). Otherwise just continue,
and I'll forget about whatever was undefined.


Package microtype Warning: Could not parse font size `*'
(microtype)                in font set `normalfont' on input line 99.

! Extra }, or forgotten \endgroup.
\MT@clist@function ...normalfont}{font=*/*/*/*/*}}
                                                  
l.99    { font = */*/*/*/* }
                            
I've deleted a group-closing symbol because it seems to be
spurious, as in `$x}$'. But perhaps the } is legitimate and
you forgot something else, as in `\hbox{$x}'. In such cases
the way to recover is to insert both the forgotten and the
deleted material, e.g., by typing `I$}'.


Package microtype Warning: family axis is empty in font specification
(microtype)                `ex////'. Using `cmr' instead on input line 99.


Package microtype Warning: series axis is empty in font specification
(microtype)                `ex////'. Using `m' instead on input line 99.


Package microtype Warning: shape axis is empty in font specification
(microtype)                `ex////'. Using `n' instead on input line 99.


Package microtype Warning: size axis is empty in font specification
(microtype)                `ex////'. Using `\normalsize' instead on input line 
99.


! LaTeX Error: The font size command \normalsize is not defined:
               there is probably something wrong with the class file.

See the LaTeX manual or LaTeX Companion for explanation.
Type  H <return>  for immediate help.
 ...                                              
                                                  
l.99    { font = */*/*/*/* }
                            
Your command was ignored.
Type  I <command> <return>  to replace it with another command,
or  <return>  to continue without it.

! Undefined control sequence.
\MT@get@size ... \def \MT@val {##2}}\@tempa \@nil 
                                                  \fi \MT@ifdimen \MT@val {\...
l.99    { font = */*/*/*/* }
                            
The control sequence at the end of the top line
of your error message was never \def'ed. If you have
misspelled it (e.g., `\hobx'), type `I' and the correct
spelling (e.g., `I\hbox'). Otherwise just continue,
and I'll forget about whatever was undefined.


Package microtype Warning: Could not parse font size `*'
(microtype)                in font set `normalfont' on input line 99.


Package microtype Warning: family axis is empty in font specification
(microtype)                `sp////'. Using `cmr' instead on input line 99.


Package microtype Warning: series axis is empty in font specification
(microtype)                `sp////'. Using `m' instead on input line 99.


Package microtype Warning: shape axis is empty in font specification
(microtype)                `sp////'. Using `n' instead on input line 99.


Package microtype Warning: size axis is empty in font specification
(microtype)                `sp////'. Using `\normalsize' instead on input line 
99.


! LaTeX Error: The font size command \normalsize is not defined:
               there is probably something wrong with the class file.

See the LaTeX manual or LaTeX Companion for explanation.
Type  H <return>  for immediate help.
 ...                                              
                                                  
l.99    { font = */*/*/*/* }
                            
Your command was ignored.
Type  I <command> <return>  to replace it with another command,
or  <return>  to continue without it.

! Undefined control sequence.
\MT@get@size ... \def \MT@val {##2}}\@tempa \@nil 
                                                  \fi \MT@ifdimen \MT@val {\...
l.99    { font = */*/*/*/* }
                            
The control sequence at the end of the top line
of your error message was never \def'ed. If you have
misspelled it (e.g., `\hobx'), type `I' and the correct
spelling (e.g., `I\hbox'). Otherwise just continue,
and I'll forget about whatever was undefined.


Package microtype Warning: Could not parse font size `*'
(microtype)                in font set `normalfont' on input line 99.


Package microtype Warning: family axis is empty in font specification
(microtype)                `kn////'. Using `cmr' instead on input line 99.


Package microtype Warning: series axis is empty in font specification
(microtype)                `kn////'. Using `m' instead on input line 99.


Package microtype Warning: shape axis is empty in font specification
(microtype)                `kn////'. Using `n' instead on input line 99.


Package microtype Warning: size axis is empty in font specification
(microtype)                `kn////'. Using `\normalsize' instead on input line 
99.


! LaTeX Error: The font size command \normalsize is not defined:
               there is probably something wrong with the class file.

See the LaTeX manual or LaTeX Companion for explanation.
Type  H <return>  for immediate help.
 ...                                              
                                                  
l.99    { font = */*/*/*/* }
                            
Your command was ignored.
Type  I <command> <return>  to replace it with another command,
or  <return>  to continue without it.

! Undefined control sequence.
\MT@get@size ... \def \MT@val {##2}}\@tempa \@nil 
                                                  \fi \MT@ifdimen \MT@val {\...
l.99    { font = */*/*/*/* }
                            
The control sequence at the end of the top line
of your error message was never \def'ed. If you have
misspelled it (e.g., `\hobx'), type `I' and the correct
spelling (e.g., `I\hbox'). Otherwise just continue,
and I'll forget about whatever was undefined.


Package microtype Warning: Could not parse font size `*'
(microtype)                in font set `normalfont' on input line 99.


Package microtype Warning: family axis is empty in font specification
(microtype)                `tr////'. Using `cmr' instead on input line 99.


Package microtype Warning: series axis is empty in font specification
(microtype)                `tr////'. Using `m' instead on input line 99.


Package microtype Warning: shape axis is empty in font specification
(microtype)                `tr////'. Using `n' instead on input line 99.


Package microtype Warning: size axis is empty in font specification
(microtype)                `tr////'. Using `\normalsize' instead on input line 
99.


! LaTeX Error: The font size command \normalsize is not defined:
               there is probably something wrong with the class file.

See the LaTeX manual or LaTeX Companion for explanation.
Type  H <return>  for immediate help.
 ...                                              
                                                  
l.99    { font = */*/*/*/* }
                            
Your command was ignored.
Type  I <command> <return>  to replace it with another command,
or  <return>  to continue without it.

! Undefined control sequence.
\MT@get@size ... \def \MT@val {##2}}\@tempa \@nil 
                                                  \fi \MT@ifdimen \MT@val {\...
l.99    { font = */*/*/*/* }
                            
The control sequence at the end of the top line
of your error message was never \def'ed. If you have
misspelled it (e.g., `\hobx'), type `I' and the correct
spelling (e.g., `I\hbox'). Otherwise just continue,
and I'll forget about whatever was undefined.


Package microtype Warning: Could not parse font size `*'
(microtype)                in font set `normalfont' on input line 99.


! Package microtype Error: The expansion set `basictext' is not declared.
(microtype)                Cannot make it the default set. Using set
(microtype)                `all' instead.

See the microtype package documentation for explanation.
Type  H <return>  for immediate help.
 ...                                              
                                                  
l.105 ...icrotypeSetDefault[expansion] {basictext}
                                                  
This error message was generated by an \errmessage
command, so I can't give any explicit help.
Pretend that you're Hercule Poirot: Examine all clues,
and deduce the truth by order and method.


! Package microtype Error: The spacing set `basictext' is not declared.
(microtype)                Cannot make it the default set. Using set
(microtype)                `all' instead.

See the microtype package documentation for explanation.
Type  H <return>  for immediate help.
 ...                                              
                                                  
l.106 ...icrotypeSetDefault[spacing]   {basictext}
                                                  
(That was another \errmessage.)

)
! Missing \endcsname inserted.
<to be read again> 
                   \@classoptionslist 
l.2228 \MT@ProcessOptionsWithKV{MT}
                                   
The control sequence marked <to be read again> should
not appear between \csname and \endcsname.

)
! Missing $ inserted.
<inserted text> 
                $
l.43 
     
I've inserted a begin-math/end-math symbol since I think
you left one out. Proceed, with fingers crossed.

! Missing \endgroup inserted.
<inserted text> 
                \endgroup 
l.43 
     
I've inserted something that you may have forgotten.
(See the <inserted text> above.)
With luck, this will get me unwedged. But if you
really didn't forget anything, try typing `2' now; then
my insertion and my current dilemma will both disappear.

! Missing \endgroup inserted.
<inserted text> 
                \endgroup 
l.43 
     
I've inserted something that you may have forgotten.
(See the <inserted text> above.)
With luck, this will get me unwedged. But if you
really didn't forget anything, try typing `2' now; then
my insertion and my current dilemma will both disappear.

! Missing \endgroup inserted.
<inserted text> 
                \endgroup 
l.43 
     
I've inserted something that you may have forgotten.
(See the <inserted text> above.)
With luck, this will get me unwedged. But if you
really didn't forget anything, try typing `2' now; then
my insertion and my current dilemma will both disappear.

! Missing \endgroup inserted.
<inserted text> 
                \endgroup 
l.43 
     
I've inserted something that you may have forgotten.
(See the <inserted text> above.)
With luck, this will get me unwedged. But if you
really didn't forget anything, try typing `2' now; then
my insertion and my current dilemma will both disappear.

! Missing } inserted.
<inserted text> 
                }
l.43 
     
I've inserted something that you may have forgotten.
(See the <inserted text> above.)
With luck, this will get me unwedged. But if you
really didn't forget anything, try typing `2' now; then
my insertion and my current dilemma will both disappear.

! Missing } inserted.
<inserted text> 
                }
l.43 
     
I've inserted something that you may have forgotten.
(See the <inserted text> above.)
With luck, this will get me unwedged. But if you
really didn't forget anything, try typing `2' now; then
my insertion and my current dilemma will both disappear.

! Missing \endgroup inserted.
<inserted text> 
                \endgroup 
l.43 
     
I've inserted something that you may have forgotten.
(See the <inserted text> above.)
With luck, this will get me unwedged. But if you
really didn't forget anything, try typing `2' now; then
my insertion and my current dilemma will both disappear.

! Missing \endgroup inserted.
<inserted text> 
                \endgroup 
l.43 
     
I've inserted something that you may have forgotten.
(See the <inserted text> above.)
With luck, this will get me unwedged. But if you
really didn't forget anything, try typing `2' now; then
my insertion and my current dilemma will both disappear.

! Missing } inserted.
<inserted text> 
                }
l.43 
     
I've inserted something that you may have forgotten.
(See the <inserted text> above.)
With luck, this will get me unwedged. But if you
really didn't forget anything, try typing `2' now; then
my insertion and my current dilemma will both disappear.

! Missing } inserted.
<inserted text> 
                }
l.43 
     
I've inserted something that you may have forgotten.
(See the <inserted text> above.)
With luck, this will get me unwedged. But if you
really didn't forget anything, try typing `2' now; then
my insertion and my current dilemma will both disappear.


Overfull \hbox (21.0pt too wide) in paragraph at lines 74--43
[]$[]$ 
 []

(/Users/raynamharris/Library/TinyTeX/texmf-dist/tex/latex/psnfss/helvet.sty
Package: helvet 2005/04/12PSNFSS-v9.2a(WaS)
)
(/Users/raynamharris/Library/TinyTeX/texmf-dist/tex/latex/psnfss/palatino.sty
Package: palatino 2005/04/12PSNFSS-v9.2a(SPQR)
)
(/Users/raynamharris/Library/TinyTeX/texmf-dist/tex/latex/psnfss/mathpazo.sty
Package: mathpazo 2005/04/12PSNFSS-v9.2aPalatinow/PazoMath(D.Puga,WaS)
\symupright=\mathgroup4
)
(/Users/raynamharris/Library/TinyTeX/texmf-dist/tex/latex/inconsolata/inconsola
ta.sty
Package: inconsolata 2019/05/17 v1.12
 `inconsolata-zi4'v1.12,2019/05/17 TextmacrosforInconsolata(msharpe)
(/Users/raynamharris/Library/TinyTeX/texmf-dist/tex/latex/base/textcomp.sty
Package: textcomp 2018/08/11v2.0jStandardLaTeXpackage
Package textcomp Info: Sub-encodinginformation:
(textcomp)               5=onlyISO-Adobewithout\textcurrency
(textcomp)               4=5+\texteuro
(textcomp)               3=4+\textohm
(textcomp)               2=3+\textestimated +\textcurrency
(textcomp)               1=TS1-\textcircled -\t
(textcomp)               0=TS1(full)
(textcomp)             Fontfamilieswithsub-encodingsettingimplement
(textcomp)             onlyarestrictedcharactersetasindicated.
(textcomp)             Family'?'isthedefaultusedforunknownfonts.
(textcomp)             Seethedocumentationfordetails.
Package textcomp Info: Setting?sub-encodingtoTS1/1 on input line 79.

(/Users/raynamharris/Library/TinyTeX/texmf-dist/tex/latex/base/ts1enc.def
File: ts1enc.def 2001/06/05 v3.0e (jk/car/fm) Standard LaTeX file
Now handling font encoding TS1 ...
... processing UTF-8 mapping file for font encoding TS1

(/Users/raynamharris/Library/TinyTeX/texmf-dist/tex/latex/base/ts1enc.dfu
File: ts1enc.dfu 2018/10/05 v1.2f UTF-8 support for inputenc
   defining Unicode char U+00A2 (decimal 162)
   defining Unicode char U+00A3 (decimal 163)
   defining Unicode char U+00A4 (decimal 164)
   defining Unicode char U+00A5 (decimal 165)
   defining Unicode char U+00A6 (decimal 166)
   defining Unicode char U+00A7 (decimal 167)
   defining Unicode char U+00A8 (decimal 168)
   defining Unicode char U+00A9 (decimal 169)
   defining Unicode char U+00AA (decimal 170)
   defining Unicode char U+00AC (decimal 172)
   defining Unicode char U+00AE (decimal 174)
   defining Unicode char U+00AF (decimal 175)
   defining Unicode char U+00B0 (decimal 176)
   defining Unicode char U+00B1 (decimal 177)
   defining Unicode char U+00B2 (decimal 178)
   defining Unicode char U+00B3 (decimal 179)
   defining Unicode char U+00B4 (decimal 180)
   defining Unicode char U+00B5 (decimal 181)
   defining Unicode char U+00B6 (decimal 182)
   defining Unicode char U+00B7 (decimal 183)
   defining Unicode char U+00B9 (decimal 185)
   defining Unicode char U+00BA (decimal 186)
   defining Unicode char U+00BC (decimal 188)
   defining Unicode char U+00BD (decimal 189)
   defining Unicode char U+00BE (decimal 190)
   defining Unicode char U+00D7 (decimal 215)
   defining Unicode char U+00F7 (decimal 247)
   defining Unicode char U+0192 (decimal 402)
   defining Unicode char U+02C7 (decimal 711)
   defining Unicode char U+02D8 (decimal 728)
   defining Unicode char U+02DD (decimal 733)
   defining Unicode char U+0E3F (decimal 3647)
   defining Unicode char U+2016 (decimal 8214)
   defining Unicode char U+2020 (decimal 8224)
   defining Unicode char U+2021 (decimal 8225)
   defining Unicode char U+2022 (decimal 8226)
   defining Unicode char U+2030 (decimal 8240)
   defining Unicode char U+2031 (decimal 8241)
   defining Unicode char U+203B (decimal 8251)
   defining Unicode char U+203D (decimal 8253)
   defining Unicode char U+2044 (decimal 8260)
   defining Unicode char U+204E (decimal 8270)
   defining Unicode char U+2052 (decimal 8274)
   defining Unicode char U+20A1 (decimal 8353)
   defining Unicode char U+20A4 (decimal 8356)
   defining Unicode char U+20A6 (decimal 8358)
   defining Unicode char U+20A9 (decimal 8361)
   defining Unicode char U+20AB (decimal 8363)
   defining Unicode char U+20AC (decimal 8364)
   defining Unicode char U+20B1 (decimal 8369)
   defining Unicode char U+2103 (decimal 8451)
   defining Unicode char U+2116 (decimal 8470)
   defining Unicode char U+2117 (decimal 8471)
   defining Unicode char U+211E (decimal 8478)
   defining Unicode char U+2120 (decimal 8480)
   defining Unicode char U+2122 (decimal 8482)
   defining Unicode char U+2126 (decimal 8486)
   defining Unicode char U+2127 (decimal 8487)
   defining Unicode char U+212E (decimal 8494)
   defining Unicode char U+2190 (decimal 8592)
   defining Unicode char U+2191 (decimal 8593)
   defining Unicode char U+2192 (decimal 8594)
   defining Unicode char U+2193 (decimal 8595)
   defining Unicode char U+2329 (decimal 9001)
   defining Unicode char U+232A (decimal 9002)
   defining Unicode char U+2422 (decimal 9250)
   defining Unicode char U+25E6 (decimal 9702)
   defining Unicode char U+25EF (decimal 9711)
   defining Unicode char U+266A (decimal 9834)
   defining Unicode char U+FEFF (decimal 65279)
))
LaTeX Info: Redefining \oldstylenums on input line 334.
Package textcomp Info: Settingcmrsub-encodingtoTS1/0 on input line 349.
Package textcomp Info: Settingcmsssub-encodingtoTS1/0 on input line 350.
Package textcomp Info: Settingcmttsub-encodingtoTS1/0 on input line 351.
Package textcomp Info: Settingcmvttsub-encodingtoTS1/0 on input line 352.
Package textcomp Info: Settingcmbrsub-encodingtoTS1/0 on input line 353.
Package textcomp Info: Settingcmtlsub-encodingtoTS1/0 on input line 354.
Package textcomp Info: Settingccrsub-encodingtoTS1/0 on input line 355.
Package textcomp Info: Settingptmsub-encodingtoTS1/4 on input line 356.
Package textcomp Info: Settingpcrsub-encodingtoTS1/4 on input line 357.
Package textcomp Info: Settingphvsub-encodingtoTS1/4 on input line 358.
Package textcomp Info: Settingpplsub-encodingtoTS1/3 on input line 359.
Package textcomp Info: Settingpagsub-encodingtoTS1/4 on input line 360.
Package textcomp Info: Settingpbksub-encodingtoTS1/4 on input line 361.
Package textcomp Info: Settingpncsub-encodingtoTS1/4 on input line 362.
Package textcomp Info: Settingpzcsub-encodingtoTS1/4 on input line 363.
Package textcomp Info: Settingbchsub-encodingtoTS1/4 on input line 364.
Package textcomp Info: Settingputsub-encodingtoTS1/5 on input line 365.
Package textcomp Info: Settinguagsub-encodingtoTS1/5 on input line 366.
Package textcomp Info: Settingugqsub-encodingtoTS1/5 on input line 367.
Package textcomp Info: Settingul8sub-encodingtoTS1/4 on input line 368.
Package textcomp Info: Settingul9sub-encodingtoTS1/4 on input line 369.
Package textcomp Info: Settingaugiesub-encodingtoTS1/5 on input line 370.
Package textcomp Info: Settingdayromsub-encodingtoTS1/3 on input line 371.
Package textcomp Info: Settingdayromssub-encodingtoTS1/3 on input line 372.
Package textcomp Info: Settingpxrsub-encodingtoTS1/0 on input line 373.
Package textcomp Info: Settingpxsssub-encodingtoTS1/0 on input line 374.
Package textcomp Info: Settingpxttsub-encodingtoTS1/0 on input line 375.
Package textcomp Info: Settingtxrsub-encodingtoTS1/0 on input line 376.
Package textcomp Info: Settingtxsssub-encodingtoTS1/0 on input line 377.
Package textcomp Info: Settingtxttsub-encodingtoTS1/0 on input line 378.
Package textcomp Info: Settinglmrsub-encodingtoTS1/0 on input line 379.
Package textcomp Info: Settinglmdhsub-encodingtoTS1/0 on input line 380.
Package textcomp Info: Settinglmsssub-encodingtoTS1/0 on input line 381.
Package textcomp Info: Settinglmssqsub-encodingtoTS1/0 on input line 382.
Package textcomp Info: Settinglmvttsub-encodingtoTS1/0 on input line 383.
Package textcomp Info: Settinglmttsub-encodingtoTS1/0 on input line 384.
Package textcomp Info: Settingqhvsub-encodingtoTS1/0 on input line 385.
Package textcomp Info: Settingqagsub-encodingtoTS1/0 on input line 386.
Package textcomp Info: Settingqbksub-encodingtoTS1/0 on input line 387.
Package textcomp Info: Settingqcrsub-encodingtoTS1/0 on input line 388.
Package textcomp Info: Settingqcssub-encodingtoTS1/0 on input line 389.
Package textcomp Info: Settingqplsub-encodingtoTS1/0 on input line 390.
Package textcomp Info: Settingqtmsub-encodingtoTS1/0 on input line 391.
Package textcomp Info: Settingqzcsub-encodingtoTS1/0 on input line 392.
Package textcomp Info: Settingqhvcsub-encodingtoTS1/0 on input line 393.
Package textcomp Info: Settingfutssub-encodingtoTS1/4 on input line 394.
Package textcomp Info: Settingfutxsub-encodingtoTS1/4 on input line 395.
Package textcomp Info: Settingfutjsub-encodingtoTS1/4 on input line 396.
Package textcomp Info: Settinghlhsub-encodingtoTS1/3 on input line 397.
Package textcomp Info: Settinghlssub-encodingtoTS1/3 on input line 398.
Package textcomp Info: Settinghlstsub-encodingtoTS1/3 on input line 399.
Package textcomp Info: Settinghlctsub-encodingtoTS1/5 on input line 400.
Package textcomp Info: Settinghlxsub-encodingtoTS1/5 on input line 401.
Package textcomp Info: Settinghlcesub-encodingtoTS1/5 on input line 402.
Package textcomp Info: Settinghlcnsub-encodingtoTS1/5 on input line 403.
Package textcomp Info: Settinghlcwsub-encodingtoTS1/5 on input line 404.
Package textcomp Info: Settinghlcfsub-encodingtoTS1/5 on input line 405.
Package textcomp Info: Settingpplxsub-encodingtoTS1/3 on input line 406.
Package textcomp Info: Settingppljsub-encodingtoTS1/3 on input line 407.
Package textcomp Info: Settingptmxsub-encodingtoTS1/4 on input line 408.
Package textcomp Info: Settingptmjsub-encodingtoTS1/4 on input line 409.
)
(/Users/raynamharris/Library/TinyTeX/texmf-dist/tex/latex/xkeyval/xkeyval.sty
Package: xkeyval 2014/12/03v2.7apackageoptionprocessing(HA)

(/Users/raynamharris/Library/TinyTeX/texmf-dist/tex/generic/xkeyval/xkeyval.tex

(/Users/raynamharris/Library/TinyTeX/texmf-dist/tex/generic/xkeyval/xkvutils.te
x
\XKV@toks=\toks29
\XKV@tempa@toks=\toks30
)
\XKV@depth=\count106
File: xkeyval.tex 2014/12/03 v2.7a key=value parser (HA)
)

! Package xkeyval Error: xkeyvalloadedbefore\documentclass.

See the xkeyval package documentation for explanation.
Type  H <return>  for immediate help.
 ...                                              
                                                  
l.62 ...yval loaded before \protect\documentclass}
                                                  %
Try typing  <return>  to proceed.
If that doesn't work, type  X <return>  to quit.

)
\zifour@ocount=\count107
) (/Users/raynamharris/Library/TinyTeX/texmf-dist/tex/latex/base/fontenc.sty
Package: fontenc 2018/08/11v2.0jStandardLaTeXpackage

(/Users/raynamharris/Library/TinyTeX/texmf-dist/tex/latex/base/t1enc.def
File: t1enc.def 2018/08/11 v2.0j Standard LaTeX file
LaTeX Font Info:    Redeclaring font encoding T1 on input line 48.
))
(/Users/raynamharris/Library/TinyTeX/texmf-dist/tex/latex/url/url.sty
\Urlmuskip=\muskip10
Package: url 2013/09/16 ver3.4 Verbmodeforurls,etc.
)
(/Users/raynamharris/Library/TinyTeX/texmf-dist/tex/latex/hyperref/hyperref.sty
Package: hyperref 2019/06/12v6.88hHypertextlinksforLaTeX

(/Users/raynamharris/Library/TinyTeX/texmf-dist/tex/generic/oberdiek/hobsub-hyp
erref.sty
Package: hobsub-hyperref 2016/05/16 v1.14 Bundle oberdiek, subset hyperref (HO)


(/Users/raynamharris/Library/TinyTeX/texmf-dist/tex/generic/oberdiek/hobsub-gen
eric.sty
Package: hobsub-generic 2016/05/16 v1.14 Bundle oberdiek, subset generic (HO)
Package: hobsub 2016/05/16 v1.14 Construct package bundles (HO)
Package: infwarerr 2016/05/16 v1.4 Providing info/warning/error messages (HO)
Package: ltxcmds 2016/05/16 v1.23 LaTeX kernel commands for general use (HO)
Package: ifluatex 2016/05/16 v1.4 Provides the ifluatex switch (HO)
Package ifluatex Info: LuaTeX not detected.
Package hobsub Info: Skipping package `ifvtex' (already loaded).
Package: intcalc 2016/05/16 v1.2 Expandable calculations with integers (HO)
Package hobsub Info: Skipping package `ifpdf' (already loaded).
Package: etexcmds 2016/05/16 v1.6 Avoid name clashes with e-TeX commands (HO)
Package: kvsetkeys 2016/05/16 v1.17 Key value parser (HO)
Package: kvdefinekeys 2016/05/16 v1.4 Define keys (HO)
Package: pdftexcmds 2019/07/25 v0.30 Utility functions of pdfTeX for LuaTeX (HO
)
Package pdftexcmds Info: LuaTeX not detected.
Package pdftexcmds Info: \pdf@primitive is available.
Package pdftexcmds Info: \pdf@ifprimitive is available.
Package pdftexcmds Info: \pdfdraftmode found.
Package: pdfescape 2016/05/16 v1.14 Implements pdfTeX's escape features (HO)
Package: bigintcalc 2016/05/16 v1.4 Expandable calculations on big integers (HO
)
Package: bitset 2016/05/16 v1.2 Handle bit-vector datatype (HO)
Package: uniquecounter 2016/05/16 v1.3 Provide unlimited unique counter (HO)
)
Package hobsub Info: Skipping package `hobsub' (already loaded).
Package: letltxmacro 2016/05/16 v1.5 Let assignment for LaTeX macros (HO)
Package: hopatch 2016/05/16 v1.3 Wrapper for package hooks (HO)
Package: xcolor-patch 2016/05/16 xcolor patch
Package: atveryend 2016/05/16 v1.9 Hooks at the very end of document (HO)
Package atveryend Info: \enddocument detected (standard20110627).
Package: atbegshi 2016/06/09 v1.18 At begin shipout hook (HO)
Package: refcount 2016/05/16 v3.5 Data extraction from label references (HO)
Package: hycolor 2016/05/16 v1.8 Color options for hyperref/bookmark (HO)
)
(/Users/raynamharris/Library/TinyTeX/texmf-dist/tex/latex/oberdiek/auxhook.sty
Package: auxhook 2016/05/16 v1.4 Hooks for auxiliary files (HO)
)
(/Users/raynamharris/Library/TinyTeX/texmf-dist/tex/latex/oberdiek/kvoptions.st
y
Package: kvoptions 2016/05/16 v3.12 Key value format for package options (HO)
)
\@linkdim=\dimen163
\Hy@linkcounter=\count108
\Hy@pagecounter=\count109

(/Users/raynamharris/Library/TinyTeX/texmf-dist/tex/latex/hyperref/pd1enc.def
File: pd1enc.def 2019/06/12 v6.88h Hyperref: PDFDocEncoding definition (HO)
Now handling font encoding PD1 ...
... no UTF-8 mapping file for font encoding PD1
)
\Hy@SavedSpaceFactor=\count110

(/Users/raynamharris/Library/TinyTeX/texmf-dist/tex/latex/latexconfig/hyperref.
cfg
File: hyperref.cfg 2002/06/06 v1.2 hyperref configuration of TeXLive
)
Package hyperref Info: Hyper figures OFF on input line 4550.
Package hyperref Info: Link nesting OFF on input line 4555.
Package hyperref Info: Hyper index ON on input line 4558.
Package hyperref Info: Plain pages OFF on input line 4565.
Package hyperref Info: Backreferencing ON on input line 4568.
Package hyperref Info: Implicit mode ON; LaTeX internals redefined.
Package hyperref Info: Bookmarks ON on input line 4803.

(/Users/raynamharris/Library/TinyTeX/texmf-dist/tex/latex/hyperref/backref.sty
Package: backref 2016/05/21 v1.39 Bibliographical back referencing

(/Users/raynamharris/Library/TinyTeX/texmf-dist/tex/latex/oberdiek/rerunfileche
ck.sty
Package: rerunfilecheck 2016/05/16 v1.8 Rerun checks for auxiliary files (HO)
Package uniquecounter Info: New unique counter `rerunfilecheck' on input line 2
82.
))
\c@Hy@tempcnt=\count111
LaTeX Info: Redefining \url on input line 5156.
\XeTeXLinkMargin=\dimen164
\Fld@menulength=\count112
\Field@Width=\dimen165
\Fld@charsize=\dimen166
Package hyperref Info: Hyper figures OFF on input line 6411.
Package hyperref Info: Link nesting OFF on input line 6416.
Package hyperref Info: Hyper index ON on input line 6419.
Package hyperref Info: backreferencing ON on input line 6424.
Package hyperref Info: Link coloring OFF on input line 6431.
Package hyperref Info: Link coloring with OCG OFF on input line 6436.
Package hyperref Info: PDF/A mode OFF on input line 6441.
LaTeX Info: Redefining \ref on input line 6481.
LaTeX Info: Redefining \pageref on input line 6485.


Package hyperref Warning: Option `pdfpagelabels' is turned off
(hyperref)                because \thepage is undefined.

\c@Item=\count113
\c@Hfootnote=\count114
)
Package hyperref Info: Driver (autodetected): hpdftex.

(/Users/raynamharris/Library/TinyTeX/texmf-dist/tex/latex/hyperref/hpdftex.def
File: hpdftex.def 2019/06/12 v6.88h Hyperref driver for pdfTeX


! Package hyperref Error: Version mismatch!
(hyperref)                * 2019/06/12v6.88hHypertextlinksforLaTeX : hyperref.s
ty
(hyperref)                * 2019/06/12 v6.88h: hpdftex.def.

See the hyperref package documentation for explanation.
Type  H <return>  for immediate help.
 ...                                              
                                                  
l.36 \Hy@VersionCheck{hpdftex.def}
                                  
You're in trouble here.  Try typing  <return>  to proceed.
If that doesn't work, type  X <return>  to quit.

\Fld@listcount=\count115
\c@bookmark@seq@number=\count116
\Hy@SectionHShift=\skip51
)
Package hyperref Info: Option `colorlinks' set `true' on input line 62.

(/Users/raynamharris/Library/TinyTeX/texmf-dist/tex/latex/setspace/setspace.sty
Package: setspace 2011/12/19 v6.7a set line spacing
)
! Undefined control sequence.
\setstretch ...ef \baselinestretch {#1}\@currsize 
                                                  
l.67 \setstretch{1.05}
                      
The control sequence at the end of the top line
of your error message was never \def'ed. If you have
misspelled it (e.g., `\hobx'), type `I' and the correct
spelling (e.g., `I\hbox'). Otherwise just continue,
and I'll forget about whatever was undefined.


! LaTeX Error: \usepackage before \documentclass.

See the LaTeX manual or LaTeX Companion for explanation.
Type  H <return>  for immediate help.
 ...                                              
                                                  
l.98 \usepackage[medium]{
                         titlesec}
\usepackage may only appear in the document preamble, i.e.,
between \documentclass and \begin{document}.


! LaTeX Error: \usepackage before \documentclass.

See the LaTeX manual or LaTeX Companion for explanation.
Type  H <return>  for immediate help.
 ...                                              
                                                  
l.99 \usepackage{
                 titletoc}
\usepackage may only appear in the document preamble, i.e.,
between \documentclass and \begin{document}.

! Undefined control sequence.
l.100 \titleformat
                  {\section}   {\normalfont\large\bfseries}{}{0em}{}
The control sequence at the end of the top line
of your error message was never \def'ed. If you have
misspelled it (e.g., `\hobx'), type `I' and the correct
spelling (e.g., `I\hbox'). Otherwise just continue,
and I'll forget about whatever was undefined.

! Undefined control sequence.
l.100 \titleformat{\section
                           }   {\normalfont\large\bfseries}{}{0em}{}
The control sequence at the end of the top line
of your error message was never \def'ed. If you have
misspelled it (e.g., `\hobx'), type `I' and the correct
spelling (e.g., `I\hbox'). Otherwise just continue,
and I'll forget about whatever was undefined.

! Argument of \set@fontsize has an extra }.
<inserted text> 
                \par 
l.100 ...{\section}   {\normalfont\large\bfseries}
                                                  {}{0em}{}
I've run across a `}' that doesn't seem to match anything.
For example, `\def\a#1{...}' and `\a}' would produce
this error. If you simply proceed now, the `\par' that
I've just inserted will cause me to report a runaway
argument that might be the root of the problem. But if
your `}' was spurious, just type `2' and it will go away.

Runaway argument?
\fi \xdef \font@name {\csname \curr@fontshape /\f@size \endcsname }\pickup@font
 \ETC.
! Paragraph ended before \set@fontsize was complete.
<to be read again> 
                   \par 
l.100 ...{\section}   {\normalfont\large\bfseries}
                                                  {}{0em}{}
I suspect you've forgotten a `}', causing me to apply this
control sequence to too much text. How can we recover?
My plan is to forget the whole thing and hope for the best.


! LaTeX Error: Missing \begin{document}.

See the LaTeX manual or LaTeX Companion for explanation.
Type  H <return>  for immediate help.
 ...                                              
                                                  
l.100 ...ction}   {\normalfont\large\bfseries}{}{0
                                                  em}{}
You're in trouble here.  Try typing  <return>  to proceed.
If that doesn't work, type  X <return>  to quit.

! Undefined control sequence.
l.101 \titleformat
                  {\subsection}{\normalfont\normalsize\bfseries}{}{0em}{}
The control sequence at the end of the top line
of your error message was never \def'ed. If you have
misspelled it (e.g., `\hobx'), type `I' and the correct
spelling (e.g., `I\hbox'). Otherwise just continue,
and I'll forget about whatever was undefined.

! Undefined control sequence.
l.101 \titleformat{\subsection
                              }{\normalfont\normalsize\bfseries}{}{0em}{}
The control sequence at the end of the top line
of your error message was never \def'ed. If you have
misspelled it (e.g., `\hobx'), type `I' and the correct
spelling (e.g., `I\hbox'). Otherwise just continue,
and I'll forget about whatever was undefined.

! Argument of \set@fontsize has an extra }.
<inserted text> 
                \par 
l.101 ...section}{\normalfont\normalsize\bfseries}
                                                  {}{0em}{}
I've run across a `}' that doesn't seem to match anything.
For example, `\def\a#1{...}' and `\a}' would produce
this error. If you simply proceed now, the `\par' that
I've just inserted will cause me to report a runaway
argument that might be the root of the problem. But if
your `}' was spurious, just type `2' and it will go away.

Runaway argument?
\fi \xdef \font@name {\csname \curr@fontshape /\f@size \endcsname }\pickup@font
 \ETC.
! Paragraph ended before \set@fontsize was complete.
<to be read again> 
                   \par 
l.101 ...section}{\normalfont\normalsize\bfseries}
                                                  {}{0em}{}
I suspect you've forgotten a `}', causing me to apply this
control sequence to too much text. How can we recover?
My plan is to forget the whole thing and hope for the best.


Overfull \hbox (37.77344pt too wide) in paragraph at lines 100--101
[]\T1/cmr/m/n/10 0em 
 []


! LaTeX Error: Missing \begin{document}.

See the LaTeX manual or LaTeX Companion for explanation.
Type  H <return>  for immediate help.
 ...                                              
                                                  
l.101 ...ion}{\normalfont\normalsize\bfseries}{}{0
                                                  em}{}
You're in trouble here.  Try typing  <return>  to proceed.
If that doesn't work, type  X <return>  to quit.

! Undefined control sequence.
l.102 \titlecontents
                    {chapter}   [0em]{}{}{}{\titlerule*[1em]{.}\contentspage}
The control sequence at the end of the top line
of your error message was never \def'ed. If you have
misspelled it (e.g., `\hobx'), type `I' and the correct
spelling (e.g., `I\hbox'). Otherwise just continue,
and I'll forget about whatever was undefined.

! Undefined control sequence.
l.102 ...ontents{chapter}   [0em]{}{}{}{\titlerule
                                                  *[1em]{.}\contentspage}
The control sequence at the end of the top line
of your error message was never \def'ed. If you have
misspelled it (e.g., `\hobx'), type `I' and the correct
spelling (e.g., `I\hbox'). Otherwise just continue,
and I'll forget about whatever was undefined.

! Undefined control sequence.
l.102 ...m]{}{}{}{\titlerule*[1em]{.}\contentspage
                                                  }
The control sequence at the end of the top line
of your error message was never \def'ed. If you have
misspelled it (e.g., `\hobx'), type `I' and the correct
spelling (e.g., `I\hbox'). Otherwise just continue,
and I'll forget about whatever was undefined.


Overfull \hbox (37.77344pt too wide) in paragraph at lines 101--103
[]\T1/cmr/m/n/10 0em
 []


Overfull \hbox (23.60535pt too wide) in paragraph at lines 101--103
\T1/cmr/m/n/10 chap-
 []


Overfull \hbox (12.24701pt too wide) in paragraph at lines 101--103
\T1/cmr/m/n/10 ter
 []


Overfull \hbox (54.43115pt too wide) in paragraph at lines 101--103
\T1/cmr/m/n/10 [0em]*[1em]. 
 []


(/Users/raynamharris/Library/TinyTeX/texmf-dist/tex/latex/placeins/placeins.sty
Package: placeins 2005/04/18  v 2.2
)

! LaTeX Error: Command \abstract undefined.

See the LaTeX manual or LaTeX Companion for explanation.
Type  H <return>  for immediate help.
 ...                                              
                                                  
l.115 \renewcommand{\abstract}
                              [1]{%
Try typing  <return>  to proceed.
If that doesn't work, type  X <return>  to quit.


! LaTeX Error: Command \chapter undefined.

See the LaTeX manual or LaTeX Companion for explanation.
Type  H <return>  for immediate help.
 ...                                              
                                                  
l.150 \renewcommand\chapter
                           {\secdef\RJ@chapter\@schapter}
Try typing  <return>  to proceed.
If that doesn't work, type  X <return>  to quit.

(/Users/raynamharris/Library/TinyTeX/texmf-dist/tex/latex/natbib/natbib.sty
Package: natbib 2010/09/13 8.31b (PWD, AO)
\bibhang=\skip52
\bibsep=\skip53

! Undefined control sequence.
l.640  {\@listi
                \global\bibsep\itemsep \global\advance\bibsep by\parsep}
The control sequence at the end of the top line
of your error message was never \def'ed. If you have
misspelled it (e.g., `\hobx'), type `I' and the correct
spelling (e.g., `I\hbox'). Otherwise just continue,
and I'll forget about whatever was undefined.

LaTeX Info: Redefining \cite on input line 694.
\c@NAT@ctr=\count117

! LaTeX Error: Environment thebibliography undefined.

See the LaTeX manual or LaTeX Companion for explanation.
Type  H <return>  for immediate help.
 ...                                              
                                                  
l.1063 \renewenvironment{thebibliography}
                                         [1]{%
Try typing  <return>  to proceed.
If that doesn't work, type  X <return>  to quit.

)

! LaTeX Error: Command \thefigure undefined.

See the LaTeX manual or LaTeX Companion for explanation.
Type  H <return>  for immediate help.
 ...                                              
                                                  
l.180 \renewcommand{\thefigure}
                               {\@arabic\c@figure}
Try typing  <return>  to proceed.
If that doesn't work, type  X <return>  to quit.


! LaTeX Error: Command \thetable undefined.

See the LaTeX manual or LaTeX Companion for explanation.
Type  H <return>  for immediate help.
 ...                                              
                                                  
l.181 \renewcommand{\thetable}
                              {\@arabic\c@table}
Try typing  <return>  to proceed.
If that doesn't work, type  X <return>  to quit.


! LaTeX Error: Command \contentsname undefined.

See the LaTeX manual or LaTeX Companion for explanation.
Type  H <return>  for immediate help.
 ...                                              
                                                  
l.188 \renewcommand{\contentsname}
                                  {Contents}
Try typing  <return>  to proceed.
If that doesn't work, type  X <return>  to quit.


! LaTeX Error: Command \tableofcontents undefined.

See the LaTeX manual or LaTeX Companion for explanation.
Type  H <return>  for immediate help.
 ...                                              
                                                  
l.189 \renewcommand\tableofcontents
                                   {%
Try typing  <return>  to proceed.
If that doesn't work, type  X <return>  to quit.


! LaTeX Error: Command \titlepage undefined.

See the LaTeX manual or LaTeX Companion for explanation.
Type  H <return>  for immediate help.
 ...                                              
                                                  
l.195 \renewcommand{\titlepage}
                               {%
Try typing  <return>  to proceed.
If that doesn't work, type  X <return>  to quit.


(/Users/raynamharris/Library/TinyTeX/texmf-dist/tex/latex/fancyvrb/fancyvrb.sty
Package: fancyvrb 2019/01/15
Style option: `fancyvrb' v3.2a <2019/01/15> (tvz)
\FV@CodeLineNo=\count118
\FV@InFile=\read2
\FV@TabBox=\box38
\c@FancyVerbLine=\count119
\FV@StepNumber=\count120
\FV@OutFile=\write4
)
(/Users/raynamharris/Library/TinyTeX/texmf-dist/tex/latex/base/alltt.sty
Package: alltt 1997/06/16 v2.0g defines alltt environment
)
(/Users/raynamharris/Library/TinyTeX/texmf-dist/tex/latex/amsfonts/amsfonts.sty
Package: amsfonts 2013/01/14 v3.01 Basic AMSFonts support
\@emptytoks=\toks31
\symAMSa=\mathgroup5
\symAMSb=\mathgroup6
LaTeX Font Info:    Overwriting math alphabet `\mathfrak' in version `bold'
(Font)                  U/euf/m/n --> U/euf/b/n on input line 106.
) (/Users/raynamharris/Library/TinyTeX/texmf-dist/tex/latex/caption/caption.sty
Package: caption 2019/09/01 v3.3d Customizing captions (AR)
(/Users/raynamharris/Library/TinyTeX/texmf-dist/tex/latex/caption/caption3.sty
Package: caption3 2019/09/01 v1.8d caption3 kernel (AR)
Package caption3 Info: TeX engine: e-TeX on input line 64.
\captionmargin=\dimen167
\captionmargin@=\dimen168
\captionwidth=\dimen169
\caption@tempdima=\dimen170
\caption@indent=\dimen171
\caption@parindent=\dimen172
\caption@hangindent=\dimen173
\abovecaptionskip=\skip54
\belowcaptionskip=\skip55
Package caption Info: Unknown document class (or package),
(caption)             standard defaults will be used.
)

Package caption Warning: Unsupported document class (or package) detected,
(caption)                usage of the caption package is not recommended.
See the caption package documentation for explanation.

Package caption Info: \@makecaption = undefined.
\c@caption@flags=\count121
\c@ContinuedFloat=\count122
Package caption Info: hyperref package is loaded.
) (/Users/raynamharris/Library/TinyTeX/texmf-dist/tex/latex/environ/environ.sty
Package: environ 2014/05/04 v0.3 A new way to define environments

(/Users/raynamharris/Library/TinyTeX/texmf-dist/tex/latex/trimspaces/trimspaces
.sty
Package: trimspaces 2009/09/17 v1.1 Trim spaces around a token list
)
\@envbody=\toks32
))
! Emergency stop.
<*> RJournal.sty
                
*** (job aborted, no legal \end found)

 
Here is how much of TeX's memory you used:
 19497 strings out of 494553
 365561 string characters out of 6176180
 470612 words of memory out of 5000000
 22891 multiletter control sequences out of 15000+600000
 4403 words of font info for 15 fonts, out of 8000000 for 9000
 14 hyphenation exceptions out of 8191
 55i,6n,92p,389b,6606s stack positions out of 5000i,500n,10000p,200000b,80000s
!  ==> Fatal error occurred, no output PDF file produced!
